11:53:33.532 [info ]œ·˙´??˙Æ??≥∫?îI??...
11:53:45.126 [info ]œ·˙´??˙Æ??≥∫?îIÆÚ?...
11:54:10.012 [info ]œ·˙´??˙Æ??≥∫?îI??...
11:54:44.128 [info ]œ·˙´??˙Æ??≥∫?îIÆÚ?...
13:29:23.361 [info ]œ·˙´??˙Æ??≥∫?îI??...
13:30:57.520 [info ]œ·˙´??˙Æ??≥∫?îIÆÚ?...
13:54:52.391 [info ]œ·˙´??˙Æ??≥∫?îI??...
14:01:19.434 [info ]œ·˙´??˙Æ??≥∫?îIÆÚ?...
14:10:55.539 [info ]œ·˙´??˙Æ??≥∫?îI??...
15:08:12.404 [info ]œ·˙´??˙Æ??≥∫?îIÆÚ?...
15:08:24.633 [info ]œ·˙´??˙Æ??≥∫?îI??...
15:11:12.245 [info ]œ·˙´??˙Æ??≥∫?îIÆÚ?...
15:11:13.846 [info ]œ·˙´??˙Æ??≥∫?îI??...
15:31:22.082 [info ]œ·˙´??˙Æ??≥∫?îIÆÚ?...
15:31:27.132 [info ]œ·˙´??˙Æ??≥∫?îI??...
16:21:18.482 [error]??¸kîDê‰ Access violation at address 00579773 in module 'cfprint.exe'. Read of address 00000010
16:21:18.482 [error]?¡°ê‰ (00178773) [00579773]
(0000BFC3) [0040CFC3]
(0000395D) [0040495D]
(00008AD0) [00409AD0]
(0000398F) [0040498F]
(00009FB8) [0040AFB8]
(0000A005) [0040B005]
(0004EDF6) [0044FDF6]
(0005C734) [0045D734]
(00178759) [00579759]
(0017AFAD) [0057BFAD]
(000ADF16) [004AEF16]
(00176DD9) [00577DD9]
(0017B02A) [0057C02A]
(000AE46A) [004AF46A]
(000B2260) [004B3260]
(000B226D) [004B326D]
(002E66B3) [006E76B3]
(002E66E6) [006E76E6]
(002E674E) [006E774E]
(002E691C) [006E791C]
(000AABA5) [004ABBA5]
(000AF4CC) [004B04CC]
(0017B58E) [0057C58E]
(000AF3CF) [004B03CF]
(00006807) [00407807]
(00179239) [0057A239]
(000AEA24) [004AFA24]
(0005E534) [0045F534]
(00006586) [00407586]
(00181ECC) [00582ECC]
(00181FEE) [00582FEE]
(0018232D) [0058332D]
(00863C1C) [00C64C1C]

16:21:18.566 [error]??¸kîDê‰ Access violation at address 00579773 in module 'cfprint.exe'. Read of address 00000010
16:21:18.566 [error]?¡°ê‰ (00178773) [00579773]
(000B2F81) [004B3F81]
(000B2ABB) [004B3ABB]
(000B2C44) [004B3C44]
(000B2F81) [004B3F81]
(000B2ABB) [004B3ABB]
(000B2C44) [004B3C44]
(000B2F81) [004B3F81]
(0000BFC3) [0040CFC3]
(0000395D) [0040495D]
(00008AD0) [00409AD0]
(0000BECB) [0040CECB]
(0000BEE0) [0040CEE0]
(00023FF5) [00424FF5]
(0002402B) [0042502B]
(0000393C) [0040493C]
(000077A0) [004087A0]
(000ADED5) [004AEED5]
(00178759) [00579759]
(0017AFAD) [0057BFAD]
(000ADF16) [004AEF16]
(00176DD9) [00577DD9]
(0017B02A) [0057C02A]
(000AE46A) [004AF46A]
(000B2260) [004B3260]
(000B226D) [004B326D]
(002E66B3) [006E76B3]
(002E66E6) [006E76E6]
(002E6756) [006E7756]
(002E6912) [006E7912]
(000AABA5) [004ABBA5]
(000AF3CF) [004B03CF]
(00006807) [00407807]
(00179239) [0057A239]
(000AEA24) [004AFA24]
(0005E534) [0045F534]
(0017A58E) [0057B58E]
(001817C1) [005827C1]
(00181195) [00582195]
(0017C632) [0057D632]
(000AABA5) [004ABBA5]
(000AF3CF) [004B03CF]
(00179239) [0057A239]
(000AEA24) [004AFA24]
(0005E534) [0045F534]
(0017DB4E) [0057EB4E]
(00181FAB) [00582FAB]
(00181FEE) [00582FEE]
(0018232D) [0058332D]
(00863C1C) [00C64C1C]

16:21:46.571 [error]??¸kîDê‰ Access violation at address 00406D9C in module 'cfprint.exe'. Read of address FFFFFFD0
16:21:46.571 [error]?¡°ê‰ (00005D9C) [00406D9C]
(000AF4CC) [004B04CC]
(00005C9A) [00406C9A]
(002E6686) [006E7686]
(002E66E6) [006E76E6]
(002E674E) [006E774E]
(002E691C) [006E791C]
(000AABA5) [004ABBA5]
(000AF4CC) [004B04CC]
(0017B58E) [0057C58E]
(000AF3CF) [004B03CF]
(00006807) [00407807]
(00179239) [0057A239]
(000AEA24) [004AFA24]
(0005E534) [0045F534]
(000063DC) [004073DC]
(0000629C) [0040729C]
(00006586) [00407586]
(000065BF) [004075BF]
(00085627) [00486627]
(00006586) [00407586]
(00181ECC) [00582ECC]
(00181FEE) [00582FEE]
(0018232D) [0058332D]
(00863C1C) [00C64C1C]

16:22:17.176 [error]??¸kîDê‰ Access violation at address 00406D9C in module 'cfprint.exe'. Read of address FFFFFFD0
16:22:17.176 [error]?¡°ê‰ (00005D9C) [00406D9C]
(000AF4CC) [004B04CC]
(00005C9A) [00406C9A]
(002E6686) [006E7686]
(002E66E6) [006E76E6]
(002E6756) [006E7756]
(002E6912) [006E7912]
(000AABA5) [004ABBA5]
(000AF3CF) [004B03CF]
(00006807) [00407807]
(00179239) [0057A239]
(000AEA24) [004AFA24]
(0005E534) [0045F534]
(0029D323) [0069E323]
(00006586) [00407586]
(00181ECC) [00582ECC]
(00181FEE) [00582FEE]
(0018232D) [0058332D]
(00863C1C) [00C64C1C]

16:22:40.054 [error]??¸kîDê‰ Access violation at address 00406D9C in module 'cfprint.exe'. Read of address FFFFFFD0
16:22:40.054 [error]?¡°ê‰ (00005D9C) [00406D9C]
(000AF4CC) [004B04CC]
(00005C9A) [00406C9A]
(002E6686) [006E7686]
(002E66E6) [006E76E6]
(002E674E) [006E774E]
(002E691C) [006E791C]
(000AABA5) [004ABBA5]
(000AF3CF) [004B03CF]
(00006807) [00407807]
(00179239) [0057A239]
(000AEA24) [004AFA24]
(0005E534) [0045F534]
(0029D323) [0069E323]
(0000393C) [0040493C]
(00134D0B) [00535D0B]
(00134CF8) [00535CF8]
(00134D94) [00535D94]
(00006586) [00407586]
(00181ECC) [00582ECC]
(00181FEE) [00582FEE]
(0018232D) [0058332D]
(00863C1C) [00C64C1C]

16:22:50.272 [error]??¸kîDê‰ Access violation at address 00406D9C in module 'cfprint.exe'. Read of address FFFFFFD0
16:22:50.272 [error]?¡°ê‰ (00005D9C) [00406D9C]
(000B2F81) [004B3F81]
(000B2C44) [004B3C44]
(000B2AEA) [004B3AEA]
(000AF4CC) [004B04CC]
(00005C9A) [00406C9A]
(002E6686) [006E7686]
(002E66E6) [006E76E6]
(002E6756) [006E7756]
(002E6912) [006E7912]
(000AABA5) [004ABBA5]
(000AF3CF) [004B03CF]
(00179239) [0057A239]
(000AEA24) [004AFA24]
(0005E534) [0045F534]
(0017D28D) [0057E28D]
(00005DEB) [00406DEB]
(000AABA5) [004ABBA5]
(000AF3CF) [004B03CF]
(00179239) [0057A239]
(000AA7E0) [004AB7E0]
(000AE7CD) [004AF7CD]
(000AE8DC) [004AF8DC]
(000B15BA) [004B25BA]
(000AABA5) [004ABBA5]
(000B23DF) [004B33DF]
(001788A7) [005798A7]
(000AF3CF) [004B03CF]
(00179239) [0057A239]
(0017EE97) [0057FE97]
(000AA7E0) [004AB7E0]
(000A92B2) [004AA2B2]
(00178AB6) [00579AB6]
(0017D6B7) [0057E6B7]
(0017D907) [0057E907]
(000AE62E) [004AF62E]
(00298BA9) [00699BA9]
(00298C50) [00699C50]
(007EDEA0) [00BEEEA0]
(007EE80B) [00BEF80B]
(007ED01D) [00BEE01D]
(00802F39) [00C03F39]
(00802BBA) [00C03BBA]
(0080432D) [00C0532D]
(007399E8) [00B3A9E8]
(0029D323) [0069E323]
(0000393C) [0040493C]
(00181FB3) [00582FB3]
(00181FEE) [00582FEE]
(0018232D) [0058332D]
(00863C1C) [00C64C1C]

16:22:53.882 [error]??¸kîDê‰ Access violation at address 00406D9C in module 'cfprint.exe'. Read of address FFFFFFD0
16:22:53.882 [error]?¡°ê‰ (00005D9C) [00406D9C]
(0032F072) [00730072]
(000AF4CC) [004B04CC]
(00005C9A) [00406C9A]
(002E6686) [006E7686]
(002E66E6) [006E76E6]
(002E674E) [006E774E]
(002E691C) [006E791C]
(000AABA5) [004ABBA5]
(000AF3CF) [004B03CF]
(00006807) [00407807]
(00179239) [0057A239]
(000065BF) [004075BF]
(00085627) [00486627]
(000AEA24) [004AFA24]
(0005E534) [0045F534]
(0029D323) [0069E323]
(0000393C) [0040493C]
(00134D0B) [00535D0B]
(00134CF8) [00535CF8]
(00134D94) [00535D94]
(00181ECC) [00582ECC]
(00181FEE) [00582FEE]
(0017D941) [0057E941]
(000AE62E) [004AF62E]
(00298BA9) [00699BA9]
(00298C50) [00699C50]
(007EDEA0) [00BEEEA0]
(007EE80B) [00BEF80B]
(007ED01D) [00BEE01D]
(00802F39) [00C03F39]
(00802BBA) [00C03BBA]
(0080432D) [00C0532D]
(007399E8) [00B3A9E8]
(0029D323) [0069E323]
(0000393C) [0040493C]
(00181FB3) [00582FB3]
(00181FEE) [00582FEE]
(0018232D) [0058332D]
(00863C1C) [00C64C1C]

16:22:55.005 [error]??¸kîDê‰ Access violation at address 00406D9C in module 'cfprint.exe'. Read of address FFFFFFD0
16:22:55.005 [error]?¡°ê‰ (00005D9C) [00406D9C]
(000AC3BF) [004AD3BF]
(000AEA24) [004AFA24]
(000AF4CC) [004B04CC]
(00005C9A) [00406C9A]
(002E6686) [006E7686]
(002E66E6) [006E76E6]
(002E6756) [006E7756]
(002E6912) [006E7912]
(000AABA5) [004ABBA5]
(000AF3CF) [004B03CF]
(00006807) [00407807]
(00179239) [0057A239]
(000065BF) [004075BF]
(00085627) [00486627]
(000AEA24) [004AFA24]
(0005E534) [0045F534]
(00006586) [00407586]
(00181F03) [00582F03]
(00181FEE) [00582FEE]
(0017D941) [0057E941]
(000AE62E) [004AF62E]
(00298BA9) [00699BA9]
(00298C50) [00699C50]
(007EDEA0) [00BEEEA0]
(007EE80B) [00BEF80B]
(007ED01D) [00BEE01D]
(00802F39) [00C03F39]
(00802BBA) [00C03BBA]
(0080432D) [00C0532D]
(007399E8) [00B3A9E8]
(0029D323) [0069E323]
(0000393C) [0040493C]
(00181FB3) [00582FB3]
(00181FEE) [00582FEE]
(0018232D) [0058332D]
(00863C1C) [00C64C1C]

16:22:55.075 [error]??¸kîDê‰ Access violation at address 00406D9C in module 'cfprint.exe'. Read of address FFFFFFD0
16:22:55.075 [error]?¡°ê‰ (00005D9C) [00406D9C]
(0032F072) [00730072]
(000AF4CC) [004B04CC]
(00005C9A) [00406C9A]
(002E6686) [006E7686]
(002E66E6) [006E76E6]
(002E674E) [006E774E]
(002E691C) [006E791C]
(000AABA5) [004ABBA5]
(000AF3CF) [004B03CF]
(00006807) [00407807]
(00179239) [0057A239]
(000065BF) [004075BF]
(00085627) [00486627]
(000AEA24) [004AFA24]
(0005E534) [0045F534]
(000AE3D0) [004AF3D0]
(0017B523) [0057C523]
(00177EC3) [00578EC3]
(00005A60) [00406A60]
(00298BB1) [00699BB1]
(00298C50) [00699C50]
(007EDEA0) [00BEEEA0]
(007EE80B) [00BEF80B]
(007ED01D) [00BEE01D]
(00802F39) [00C03F39]
(00802BBA) [00C03BBA]
(0080432D) [00C0532D]
(007399E8) [00B3A9E8]
(0029D323) [0069E323]
(0000393C) [0040493C]
(00181FB3) [00582FB3]
(00181FEE) [00582FEE]
(0018232D) [0058332D]
(00863C1C) [00C64C1C]

16:22:56.637 [error]??¸kîDê‰ Access violation at address 00406D9C in module 'cfprint.exe'. Read of address FFFFFFD0
16:22:56.637 [error]?¡°ê‰ (00005D9C) [00406D9C]
(000AF4CC) [004B04CC]
(00005C9A) [00406C9A]
(002E6686) [006E7686]
(002E66E6) [006E76E6]
(002E6756) [006E7756]
(002E6912) [006E7912]
(000AABA5) [004ABBA5]
(000AF3CF) [004B03CF]
(00006807) [00407807]
(00179239) [0057A239]
(000AEA24) [004AFA24]
(0005E534) [0045F534]
(0029D323) [0069E323]
(00006586) [00407586]
(00181ECC) [00582ECC]
(00181FEE) [00582FEE]
(0018232D) [0058332D]
(00863C1C) [00C64C1C]

16:23:11.492 [error]??¸kîDê‰ Access violation at address 00406D9C in module 'cfprint.exe'. Read of address FFFFFFD0
16:23:11.492 [error]?¡°ê‰ (00005D9C) [00406D9C]
(000AF4CC) [004B04CC]
(00005C9A) [00406C9A]
(002E6686) [006E7686]
(002E66E6) [006E76E6]
(002E674E) [006E774E]
(002E691C) [006E791C]
(000AABA5) [004ABBA5]
(000AF3CF) [004B03CF]
(00179239) [0057A239]
(000AEA24) [004AFA24]
(0005E534) [0045F534]
(00006586) [00407586]
(00181ECC) [00582ECC]
(00181FEE) [00582FEE]
(0018232D) [0058332D]
(00863C1C) [00C64C1C]

16:23:15.349 [error]??¸kîDê‰ Access violation at address 00406D9C in module 'cfprint.exe'. Read of address FFFFFFD0
16:23:15.349 [error]?¡°ê‰ (00005D9C) [00406D9C]
(000AF4CC) [004B04CC]
(00005C9A) [00406C9A]
(002E6686) [006E7686]
(002E66E6) [006E76E6]
(002E6756) [006E7756]
(002E6912) [006E7912]
(000AABA5) [004ABBA5]
(000AF3CF) [004B03CF]
(00006807) [00407807]
(00179239) [0057A239]
(000AEA24) [004AFA24]
(0005E534) [0045F534]
(0029D323) [0069E323]
(00006586) [00407586]
(00181ECC) [00582ECC]
(00181FEE) [00582FEE]
(0018232D) [0058332D]
(00863C1C) [00C64C1C]

16:25:11.314 [error]??¸kîDê‰ Access violation at address 00406D9C in module 'cfprint.exe'. Read of address FFFFFFD0
16:25:11.314 [error]?¡°ê‰ (00005D9C) [00406D9C]
(000AF4CC) [004B04CC]
(00005C9A) [00406C9A]
(002E6686) [006E7686]
(002E66E6) [006E76E6]
(002E674E) [006E774E]
(002E691C) [006E791C]
(000AABA5) [004ABBA5]
(000AF3CF) [004B03CF]
(00006807) [00407807]
(00179239) [0057A239]
(000AEA24) [004AFA24]
(0005E534) [0045F534]
(00006586) [00407586]
(00181ECC) [00582ECC]
(00181FEE) [00582FEE]
(0018232D) [0058332D]
(00863C1C) [00C64C1C]

16:25:20.276 [error]??¸kîDê‰ Access violation at address 00406D9C in module 'cfprint.exe'. Read of address FFFFFFD0
16:25:20.276 [error]?¡°ê‰ (00005D9C) [00406D9C]
(000AF4CC) [004B04CC]
(00005C9A) [00406C9A]
(002E6686) [006E7686]
(002E66E6) [006E76E6]
(002E6756) [006E7756]
(002E6912) [006E7912]
(000AABA5) [004ABBA5]
(000AF3CF) [004B03CF]
(00006807) [00407807]
(00179239) [0057A239]
(000AEA24) [004AFA24]
(0005E534) [0045F534]
(0029D323) [0069E323]
(00006586) [00407586]
(00181ECC) [00582ECC]
(00181FEE) [00582FEE]
(0018232D) [0058332D]
(00863C1C) [00C64C1C]

16:25:22.228 [error]??¸kîDê‰ Access violation at address 00406D9C in module 'cfprint.exe'. Read of address FFFFFFD0
16:25:22.228 [error]?¡°ê‰ (00005D9C) [00406D9C]
(0032F072) [00730072]
(000AF4CC) [004B04CC]
(00005C9A) [00406C9A]
(002E6686) [006E7686]
(002E66E6) [006E76E6]
(002E674E) [006E774E]
(002E691C) [006E791C]
(000AABA5) [004ABBA5]
(000AF3CF) [004B03CF]
(00006807) [00407807]
(00179239) [0057A239]
(000065BF) [004075BF]
(00085627) [00486627]
(000AEA24) [004AFA24]
(0005E534) [0045F534]
(0029D323) [0069E323]
(0000393C) [0040493C]
(00134D0B) [00535D0B]
(00134CF8) [00535CF8]
(00134D94) [00535D94]
(00006586) [00407586]
(00181ECC) [00582ECC]
(00181FEE) [00582FEE]
(0017D941) [0057E941]
(000AE62E) [004AF62E]
(00298BA9) [00699BA9]
(00298C50) [00699C50]
(007EDEA0) [00BEEEA0]
(007EE80B) [00BEF80B]
(007ED01D) [00BEE01D]
(00802F39) [00C03F39]
(00802BBA) [00C03BBA]
(0080432D) [00C0532D]
(007399E8) [00B3A9E8]
(00181FB3) [00582FB3]
(00181FEE) [00582FEE]
(0018232D) [0058332D]
(00863C1C) [00C64C1C]

16:25:29.539 [error]??¸kîDê‰ Access violation at address 00406D9C in module 'cfprint.exe'. Read of address FFFFFFD0
16:25:29.539 [error]?¡°ê‰ (00005D9C) [00406D9C]
(000AC3BF) [004AD3BF]
(000AEA24) [004AFA24]
(000AF4CC) [004B04CC]
(00005C9A) [00406C9A]
(002E6686) [006E7686]
(002E66E6) [006E76E6]
(002E6756) [006E7756]
(002E6912) [006E7912]
(000AABA5) [004ABBA5]
(000AF3CF) [004B03CF]
(00006807) [00407807]
(00179239) [0057A239]
(000065BF) [004075BF]
(00085627) [00486627]
(000AEA24) [004AFA24]
(0005E534) [0045F534]
(00006586) [00407586]
(00181F03) [00582F03]
(00181FEE) [00582FEE]
(0017D941) [0057E941]
(000AE62E) [004AF62E]
(00298BA9) [00699BA9]
(00298C50) [00699C50]
(007EDEA0) [00BEEEA0]
(007EE80B) [00BEF80B]
(007ED01D) [00BEE01D]
(00802F39) [00C03F39]
(00802BBA) [00C03BBA]
(0080432D) [00C0532D]
(007399E8) [00B3A9E8]
(00181FB3) [00582FB3]
(00181FEE) [00582FEE]
(0018232D) [0058332D]
(00863C1C) [00C64C1C]

16:26:06.098 [error]??¸kîDê‰ Access violation at address 00406D9C in module 'cfprint.exe'. Read of address FFFFFFD0
16:26:06.098 [error]?¡°ê‰ (00005D9C) [00406D9C]
(000AF4CC) [004B04CC]
(0017B58E) [0057C58E]
(000AABA5) [004ABBA5]
(000AF4CC) [004B04CC]
(0017B58E) [0057C58E]
(000AABA5) [004ABBA5]
(000AF4CC) [004B04CC]
(00005C9A) [00406C9A]
(002E6686) [006E7686]
(002E66E6) [006E76E6]
(002E674E) [006E774E]
(002E691C) [006E791C]
(000AABA5) [004ABBA5]
(00005C9A) [00406C9A]
(00183AC0) [00584AC0]
(000AF3CF) [004B03CF]
(00006807) [00407807]
(00179239) [0057A239]
(000065BF) [004075BF]
(00085627) [00486627]
(000AEA24) [004AFA24]
(0005E534) [0045F534]
(00006586) [00407586]
(00181ECC) [00582ECC]
(00181FEE) [00582FEE]
(0017D941) [0057E941]
(0043AC22) [0083BC22]
(00736D16) [00B37D16]
(007ED92B) [00BEE92B]
(007EE724) [00BEF724]
(007ED01D) [00BEE01D]
(0080475E) [00C0575E]
(000AB0FB) [004AC0FB]
(000CDD3E) [004CED3E]
(000CE86C) [004CF86C]
(000AABA5) [004ABBA5]
(000AF3CF) [004B03CF]
(000CDA08) [004CEA08]
(000AA7E0) [004AB7E0]
(000AF51F) [004B051F]
(000AFFB3) [004B0FB3]
(000AABA5) [004ABBA5]
(000AF3CF) [004B03CF]
(00006807) [00407807]
(000063DC) [004073DC]
(0000629C) [0040729C]
(000AF3CF) [004B03CF]
(000065BF) [004075BF]
(00085627) [00486627]
(000AEA24) [004AFA24]
(000AEA39) [004AFA39]
(000AEA24) [004AFA24]
(0005E534) [0045F534]
(000AF4CC) [004B04CC]
(000AB550) [004AC550]
(000AABA5) [004ABBA5]
(000AEFFE) [004AFFFE]
(00006807) [00407807]
(000065BF) [004075BF]
(00085627) [00486627]
(000AEC17) [004AFC17]
(000AF3CF) [004B03CF]
(000CDA08) [004CEA08]
(000AEA24) [004AFA24]
(0005E534) [0045F534]
(00181FAB) [00582FAB]
(00181FEE) [00582FEE]
(0018232D) [0058332D]
(00863C1C) [00C64C1C]

16:26:09.948 [error]??¸kîDê‰ Access violation at address 00406D9C in module 'cfprint.exe'. Read of address FFFFFFD0
16:26:09.964 [error]?¡°ê‰ (00005D9C) [00406D9C]
(000AF4CC) [004B04CC]
(00005C9A) [00406C9A]
(002E6686) [006E7686]
(002E66E6) [006E76E6]
(002E6756) [006E7756]
(002E6912) [006E7912]
(000AABA5) [004ABBA5]
(000AF3CF) [004B03CF]
(00006807) [00407807]
(00179239) [0057A239]
(000065BF) [004075BF]
(00085627) [00486627]
(000AEA24) [004AFA24]
(0005E534) [0045F534]
(00006586) [00407586]
(00181ECC) [00582ECC]
(00181FEE) [00582FEE]
(0017D941) [0057E941]
(0043AC22) [0083BC22]
(00736D16) [00B37D16]
(007ED92B) [00BEE92B]
(007EE724) [00BEF724]
(007ED01D) [00BEE01D]
(0080475E) [00C0575E]
(000AB0FB) [004AC0FB]
(000CDD3E) [004CED3E]
(000CE86C) [004CF86C]
(000AABA5) [004ABBA5]
(000AF3CF) [004B03CF]
(000CDA08) [004CEA08]
(000AA7E0) [004AB7E0]
(000AF51F) [004B051F]
(000AFFB3) [004B0FB3]
(000AABA5) [004ABBA5]
(000AF3CF) [004B03CF]
(00006807) [00407807]
(000063DC) [004073DC]
(0000629C) [0040729C]
(000AF3CF) [004B03CF]
(000065BF) [004075BF]
(00085627) [00486627]
(000AEA24) [004AFA24]
(000AEA39) [004AFA39]
(000AEA24) [004AFA24]
(0005E534) [0045F534]
(000AF4CC) [004B04CC]
(000AB550) [004AC550]
(000AABA5) [004ABBA5]
(000AEFFE) [004AFFFE]
(00006807) [00407807]
(000065BF) [004075BF]
(00085627) [00486627]
(000AEC17) [004AFC17]
(000AF3CF) [004B03CF]
(000CDA08) [004CEA08]
(000AEA24) [004AFA24]
(0005E534) [0045F534]
(00181FAB) [00582FAB]
(00181FEE) [00582FEE]
(0018232D) [0058332D]
(00863C1C) [00C64C1C]

16:26:30.396 [error]??¸kîDê‰ Access violation at address 00406D9C in module 'cfprint.exe'. Read of address FFFFFFD0
16:26:30.396 [error]?¡°ê‰ (00005D9C) [00406D9C]
(000AF4CC) [004B04CC]
(0017B58E) [0057C58E]
(000AABA5) [004ABBA5]
(000AF4CC) [004B04CC]
(0017B58E) [0057C58E]
(000AABA5) [004ABBA5]
(000AF4CC) [004B04CC]
(00005C9A) [00406C9A]
(002E6686) [006E7686]
(002E66E6) [006E76E6]
(002E674E) [006E774E]
(002E691C) [006E791C]
(000AABA5) [004ABBA5]
(00005C9A) [00406C9A]
(00183AC0) [00584AC0]
(000AF3CF) [004B03CF]
(00006807) [00407807]
(00179239) [0057A239]
(000065BF) [004075BF]
(00085627) [00486627]
(000AEA24) [004AFA24]
(0005E534) [0045F534]
(00006586) [00407586]
(00181ECC) [00582ECC]
(00181FEE) [00582FEE]
(0017D941) [0057E941]
(0043AC22) [0083BC22]
(00736D16) [00B37D16]
(007ED92B) [00BEE92B]
(007EE724) [00BEF724]
(007ED01D) [00BEE01D]
(0080475E) [00C0575E]
(000AB0FB) [004AC0FB]
(000CDD3E) [004CED3E]
(000CE86C) [004CF86C]
(000AABA5) [004ABBA5]
(000AF3CF) [004B03CF]
(000CDA08) [004CEA08]
(000AA7E0) [004AB7E0]
(000AF51F) [004B051F]
(000AFFB3) [004B0FB3]
(000AABA5) [004ABBA5]
(000AF3CF) [004B03CF]
(00006807) [00407807]
(000063DC) [004073DC]
(0000629C) [0040729C]
(000AF3CF) [004B03CF]
(000065BF) [004075BF]
(00085627) [00486627]
(000AEA24) [004AFA24]
(000AEA39) [004AFA39]
(000AEA24) [004AFA24]
(0005E534) [0045F534]
(000AF4CC) [004B04CC]
(000AB550) [004AC550]
(000AABA5) [004ABBA5]
(000AEFFE) [004AFFFE]
(00006807) [00407807]
(000065BF) [004075BF]
(00085627) [00486627]
(000AEC17) [004AFC17]
(000AF3CF) [004B03CF]
(000CDA08) [004CEA08]
(000AEA24) [004AFA24]
(0005E534) [0045F534]
(00181FAB) [00582FAB]
(00181FEE) [00582FEE]
(0018232D) [0058332D]
(00863C1C) [00C64C1C]

16:26:31.381 [error]??¸kîDê‰ Access violation at address 00406D9C in module 'cfprint.exe'. Read of address FFFFFFD0
16:26:31.381 [error]?¡°ê‰ (00005D9C) [00406D9C]
(000AF4CC) [004B04CC]
(00005C9A) [00406C9A]
(002E6686) [006E7686]
(002E66E6) [006E76E6]
(002E6756) [006E7756]
(002E6912) [006E7912]
(000AABA5) [004ABBA5]
(000AF3CF) [004B03CF]
(00006807) [00407807]
(00179239) [0057A239]
(000065BF) [004075BF]
(00085627) [00486627]
(000AEA24) [004AFA24]
(0005E534) [0045F534]
(00006586) [00407586]
(00181ECC) [00582ECC]
(00181FEE) [00582FEE]
(0017D941) [0057E941]
(0043AC22) [0083BC22]
(00736D16) [00B37D16]
(007ED92B) [00BEE92B]
(007EE724) [00BEF724]
(007ED01D) [00BEE01D]
(0080475E) [00C0575E]
(000AB0FB) [004AC0FB]
(000CDD3E) [004CED3E]
(000CE86C) [004CF86C]
(000AABA5) [004ABBA5]
(000AF3CF) [004B03CF]
(000CDA08) [004CEA08]
(000AA7E0) [004AB7E0]
(000AF51F) [004B051F]
(000AFFB3) [004B0FB3]
(000AABA5) [004ABBA5]
(000AF3CF) [004B03CF]
(00006807) [00407807]
(000063DC) [004073DC]
(0000629C) [0040729C]
(000AF3CF) [004B03CF]
(000065BF) [004075BF]
(00085627) [00486627]
(000AEA24) [004AFA24]
(000AEA39) [004AFA39]
(000AEA24) [004AFA24]
(0005E534) [0045F534]
(000AF4CC) [004B04CC]
(000AB550) [004AC550]
(000AABA5) [004ABBA5]
(000AEFFE) [004AFFFE]
(00006807) [00407807]
(000065BF) [004075BF]
(00085627) [00486627]
(000AEC17) [004AFC17]
(000AF3CF) [004B03CF]
(000CDA08) [004CEA08]
(000AEA24) [004AFA24]
(0005E534) [0045F534]
(00181FAB) [00582FAB]
(00181FEE) [00582FEE]
(0018232D) [0058332D]
(00863C1C) [00C64C1C]

16:26:51.288 [error]??¸kîDê‰ Access violation at address 00406D9C in module 'cfprint.exe'. Read of address FFFFFFD0
16:26:51.288 [error]?¡°ê‰ (00005D9C) [00406D9C]
(000AF4CC) [004B04CC]
(00005C9A) [00406C9A]
(002E6686) [006E7686]
(002E66E6) [006E76E6]
(002E674E) [006E774E]
(002E691C) [006E791C]
(000AABA5) [004ABBA5]
(000AF3CF) [004B03CF]
(00006807) [00407807]
(00179239) [0057A239]
(000AEA24) [004AFA24]
(0005E534) [0045F534]
(00006586) [00407586]
(00181ECC) [00582ECC]
(00181FEE) [00582FEE]
(0018232D) [0058332D]
(00863C1C) [00C64C1C]

16:26:52.920 [error]??¸kîDê‰ Access violation at address 00406D9C in module 'cfprint.exe'. Read of address FFFFFFD0
16:26:52.920 [error]?¡°ê‰ (00005D9C) [00406D9C]
(000AF4CC) [004B04CC]
(00005C9A) [00406C9A]
(002E6686) [006E7686]
(002E66E6) [006E76E6]
(002E6756) [006E7756]
(002E6912) [006E7912]
(000AABA5) [004ABBA5]
(000AF3CF) [004B03CF]
(00006807) [00407807]
(00179239) [0057A239]
(000AEA24) [004AFA24]
(0005E534) [0045F534]
(0029D323) [0069E323]
(00006586) [00407586]
(00181ECC) [00582ECC]
(00181FEE) [00582FEE]
(0018232D) [0058332D]
(00863C1C) [00C64C1C]

16:27:11.525 [error]??¸kîDê‰ Access violation at address 00406D9C in module 'cfprint.exe'. Read of address FFFFFFD0
16:27:11.525 [error]?¡°ê‰ (00005D9C) [00406D9C]
(000AF4CC) [004B04CC]
(0017B58E) [0057C58E]
(000AABA5) [004ABBA5]
(000AF4CC) [004B04CC]
(0017B58E) [0057C58E]
(000AABA5) [004ABBA5]
(000AF4CC) [004B04CC]
(00005C9A) [00406C9A]
(002E6686) [006E7686]
(002E66E6) [006E76E6]
(002E674E) [006E774E]
(002E691C) [006E791C]
(000AABA5) [004ABBA5]
(000AB375) [004AC375]
(000AF3CF) [004B03CF]
(00006807) [00407807]
(00179239) [0057A239]
(000065BF) [004075BF]
(00085627) [00486627]
(000AEA24) [004AFA24]
(0005E534) [0045F534]
(000063DC) [004073DC]
(0000629C) [0040729C]
(00006586) [00407586]
(000065BF) [004075BF]
(00085627) [00486627]
(00181ECC) [00582ECC]
(00181FEE) [00582FEE]
(0017D941) [0057E941]
(0043AC22) [0083BC22]
(00736D16) [00B37D16]
(007ED92B) [00BEE92B]
(007EE724) [00BEF724]
(007ED01D) [00BEE01D]
(0080475E) [00C0575E]
(000AB0FB) [004AC0FB]
(000CDD3E) [004CED3E]
(000CE86C) [004CF86C]
(000AABA5) [004ABBA5]
(000AF3CF) [004B03CF]
(000CDA08) [004CEA08]
(000AA7E0) [004AB7E0]
(000AF51F) [004B051F]
(000AFFB3) [004B0FB3]
(000AABA5) [004ABBA5]
(000AF3CF) [004B03CF]
(00006807) [00407807]
(000063DC) [004073DC]
(0000629C) [0040729C]
(000AF3CF) [004B03CF]
(000065BF) [004075BF]
(00085627) [00486627]
(000AEA24) [004AFA24]
(000AEA39) [004AFA39]
(000AEA24) [004AFA24]
(0005E534) [0045F534]
(000AF4CC) [004B04CC]
(000AB550) [004AC550]
(000AABA5) [004ABBA5]
(000AEFFE) [004AFFFE]
(00006807) [00407807]
(000065BF) [004075BF]
(00085627) [00486627]
(000AEC17) [004AFC17]
(000AF3CF) [004B03CF]
(000CDA08) [004CEA08]
(000AEA24) [004AFA24]
(0005E534) [0045F534]
(00181FAB) [00582FAB]
(00181FEE) [00582FEE]
(0018232D) [0058332D]
(00863C1C) [00C64C1C]

16:27:12.410 [error]??¸kîDê‰ Access violation at address 00406D9C in module 'cfprint.exe'. Read of address FFFFFFD0
16:27:12.410 [error]?¡°ê‰ (00005D9C) [00406D9C]
(0017B58E) [0057C58E]
(000AC3BF) [004AD3BF]
(000AF4CC) [004B04CC]
(00005C9A) [00406C9A]
(002E6686) [006E7686]
(002E66E6) [006E76E6]
(002E6756) [006E7756]
(002E6912) [006E7912]
(000AABA5) [004ABBA5]
(000AF3CF) [004B03CF]
(00006807) [00407807]
(00179239) [0057A239]
(000065BF) [004075BF]
(00085627) [00486627]
(000AEA24) [004AFA24]
(0005E534) [0045F534]
(000063DC) [004073DC]
(0000629C) [0040729C]
(00181F03) [00582F03]
(00181FEE) [00582FEE]
(0017D941) [0057E941]
(0043AC22) [0083BC22]
(00736D16) [00B37D16]
(007ED92B) [00BEE92B]
(007EE724) [00BEF724]
(007ED01D) [00BEE01D]
(0080475E) [00C0575E]
(000AB0FB) [004AC0FB]
(000CDD3E) [004CED3E]
(000CE86C) [004CF86C]
(000AABA5) [004ABBA5]
(000AF3CF) [004B03CF]
(000CDA08) [004CEA08]
(000AA7E0) [004AB7E0]
(000AF51F) [004B051F]
(000AFFB3) [004B0FB3]
(000AABA5) [004ABBA5]
(000AF3CF) [004B03CF]
(00006807) [00407807]
(000063DC) [004073DC]
(0000629C) [0040729C]
(000AF3CF) [004B03CF]
(000065BF) [004075BF]
(00085627) [00486627]
(000AEA24) [004AFA24]
(000AEA39) [004AFA39]
(000AEA24) [004AFA24]
(0005E534) [0045F534]
(000AF4CC) [004B04CC]
(000AB550) [004AC550]
(000AABA5) [004ABBA5]
(000AEFFE) [004AFFFE]
(00006807) [00407807]
(000065BF) [004075BF]
(00085627) [00486627]
(000AEC17) [004AFC17]
(000AF3CF) [004B03CF]
(000CDA08) [004CEA08]
(000AEA24) [004AFA24]
(0005E534) [0045F534]
(00181FAB) [00582FAB]
(00181FEE) [00582FEE]
(0018232D) [0058332D]
(00863C1C) [00C64C1C]

16:27:23.969 [error]??¸kîDê‰ Access violation at address 00406D9C in module 'cfprint.exe'. Read of address FFFFFFD0
16:27:23.969 [error]?¡°ê‰ (00005D9C) [00406D9C]
(000AF4CC) [004B04CC]
(00005C9A) [00406C9A]
(002E6686) [006E7686]
(002E66E6) [006E76E6]
(002E674E) [006E774E]
(002E691C) [006E791C]
(000AABA5) [004ABBA5]
(000AF3CF) [004B03CF]
(00006807) [00407807]
(00179239) [0057A239]
(000AEA24) [004AFA24]
(0005E534) [0045F534]
(00006586) [00407586]
(00181ECC) [00582ECC]
(00181FEE) [00582FEE]
(0018232D) [0058332D]
(00863C1C) [00C64C1C]

16:27:35.818 [error]??¸kîDê‰ Access violation at address 00406D9C in module 'cfprint.exe'. Read of address FFFFFFD0
16:27:35.818 [error]?¡°ê‰ (00005D9C) [00406D9C]
(000AF4CC) [004B04CC]
(00005C9A) [00406C9A]
(002E6686) [006E7686]
(002E66E6) [006E76E6]
(002E6756) [006E7756]
(002E6912) [006E7912]
(000AABA5) [004ABBA5]
(000AF3CF) [004B03CF]
(00006807) [00407807]
(00179239) [0057A239]
(000AEA24) [004AFA24]
(0005E534) [0045F534]
(0029D323) [0069E323]
(00006586) [00407586]
(00181ECC) [00582ECC]
(00181FEE) [00582FEE]
(0018232D) [0058332D]
(00863C1C) [00C64C1C]

16:28:52.298 [error]??¸kîDê‰ Access violation at address 00406D9C in module 'cfprint.exe'. Read of address FFFFFFD0
16:28:52.298 [error]?¡°ê‰ (00005D9C) [00406D9C]
(000AF4CC) [004B04CC]
(0017B58E) [0057C58E]
(000AABA5) [004ABBA5]
(000AF4CC) [004B04CC]
(0017B58E) [0057C58E]
(000AABA5) [004ABBA5]
(000AF4CC) [004B04CC]
(00005C9A) [00406C9A]
(002E6686) [006E7686]
(002E66E6) [006E76E6]
(002E674E) [006E774E]
(002E691C) [006E791C]
(000AABA5) [004ABBA5]
(000AF3CF) [004B03CF]
(00006807) [00407807]
(00179239) [0057A239]
(000065BF) [004075BF]
(00085627) [00486627]
(000AEA24) [004AFA24]
(0005E534) [0045F534]
(00006586) [00407586]
(00181ECC) [00582ECC]
(00181FEE) [00582FEE]
(0017D941) [0057E941]
(0043AC22) [0083BC22]
(00736D16) [00B37D16]
(007ED92B) [00BEE92B]
(007EE724) [00BEF724]
(007ED01D) [00BEE01D]
(0080475E) [00C0575E]
(000AB0FB) [004AC0FB]
(000CDD3E) [004CED3E]
(000CE86C) [004CF86C]
(000AABA5) [004ABBA5]
(000AF3CF) [004B03CF]
(000CDA08) [004CEA08]
(000AA7E0) [004AB7E0]
(000AF51F) [004B051F]
(000AFFB3) [004B0FB3]
(000AABA5) [004ABBA5]
(000AF3CF) [004B03CF]
(00006807) [00407807]
(000063DC) [004073DC]
(0000629C) [0040729C]
(000AF3CF) [004B03CF]
(000065BF) [004075BF]
(00085627) [00486627]
(000AEA24) [004AFA24]
(000AEA39) [004AFA39]
(000AEA24) [004AFA24]
(0005E534) [0045F534]
(000AF4CC) [004B04CC]
(000AB550) [004AC550]
(000AABA5) [004ABBA5]
(000AEFFE) [004AFFFE]
(00006807) [00407807]
(000065BF) [004075BF]
(00085627) [00486627]
(000AEC17) [004AFC17]
(000AF3CF) [004B03CF]
(000CDA08) [004CEA08]
(000AEA24) [004AFA24]
(0005E534) [0045F534]
(00181FAB) [00582FAB]
(00181FEE) [00582FEE]
(0018232D) [0058332D]
(00863C1C) [00C64C1C]

16:32:40.572 [error]??¸kîDê‰ Access violation at address 00406D9C in module 'cfprint.exe'. Read of address FFFFFFD0
16:32:40.572 [error]?¡°ê‰ (00005D9C) [00406D9C]
(000AF4CC) [004B04CC]
(00005C9A) [00406C9A]
(002E6686) [006E7686]
(002E66E6) [006E76E6]
(002E6756) [006E7756]
(002E6912) [006E7912]
(000AABA5) [004ABBA5]
(000AF3CF) [004B03CF]
(00006807) [00407807]
(00179239) [0057A239]
(000065BF) [004075BF]
(00085627) [00486627]
(000AEA24) [004AFA24]
(0005E534) [0045F534]
(00006586) [00407586]
(00181ECC) [00582ECC]
(00181FEE) [00582FEE]
(0017D941) [0057E941]
(0043AC22) [0083BC22]
(00736D16) [00B37D16]
(007ED92B) [00BEE92B]
(007EE724) [00BEF724]
(007ED01D) [00BEE01D]
(0080475E) [00C0575E]
(000AB0FB) [004AC0FB]
(000CDD3E) [004CED3E]
(000CE86C) [004CF86C]
(000AABA5) [004ABBA5]
(000AF3CF) [004B03CF]
(000CDA08) [004CEA08]
(000AA7E0) [004AB7E0]
(000AF51F) [004B051F]
(000AFFB3) [004B0FB3]
(000AABA5) [004ABBA5]
(000AF3CF) [004B03CF]
(00006807) [00407807]
(000063DC) [004073DC]
(0000629C) [0040729C]
(000AF3CF) [004B03CF]
(000065BF) [004075BF]
(00085627) [00486627]
(000AEA24) [004AFA24]
(000AEA39) [004AFA39]
(000AEA24) [004AFA24]
(0005E534) [0045F534]
(000AF4CC) [004B04CC]
(000AB550) [004AC550]
(000AABA5) [004ABBA5]
(000AEFFE) [004AFFFE]
(00006807) [00407807]
(000065BF) [004075BF]
(00085627) [00486627]
(000AEC17) [004AFC17]
(000AF3CF) [004B03CF]
(000CDA08) [004CEA08]
(000AEA24) [004AFA24]
(0005E534) [0045F534]
(00181FAB) [00582FAB]
(00181FEE) [00582FEE]
(0018232D) [0058332D]
(00863C1C) [00C64C1C]

16:34:15.307 [error]??¸kîDê‰ Access violation at address 00406D9C in module 'cfprint.exe'. Read of address FFFFFFD0
16:34:15.307 [error]?¡°ê‰ (00005D9C) [00406D9C]
(000AF4CC) [004B04CC]
(0017B58E) [0057C58E]
(000AABA5) [004ABBA5]
(000AF4CC) [004B04CC]
(0017B58E) [0057C58E]
(000AABA5) [004ABBA5]
(000AF4CC) [004B04CC]
(00005C9A) [00406C9A]
(002E6686) [006E7686]
(002E66E6) [006E76E6]
(002E674E) [006E774E]
(002E691C) [006E791C]
(000AABA5) [004ABBA5]
(000AF3CF) [004B03CF]
(00006807) [00407807]
(00179239) [0057A239]
(000065BF) [004075BF]
(00085627) [00486627]
(000AEA24) [004AFA24]
(0005E534) [0045F534]
(0000294E) [0040394E]
(0000393C) [0040493C]
(000077A0) [004087A0]
(0029D357) [0069E357]
(002EE6CF) [006EF6CF]
(00006586) [00407586]
(00181ECC) [00582ECC]
(00181FEE) [00582FEE]
(0017D941) [0057E941]
(0043AC22) [0083BC22]
(00736D16) [00B37D16]
(007ED92B) [00BEE92B]
(007EE724) [00BEF724]
(007ED01D) [00BEE01D]
(0080475E) [00C0575E]
(000AB0FB) [004AC0FB]
(000CDD3E) [004CED3E]
(000CE86C) [004CF86C]
(000AABA5) [004ABBA5]
(000AF3CF) [004B03CF]
(000CDA08) [004CEA08]
(000AA7E0) [004AB7E0]
(000AF51F) [004B051F]
(000AFFB3) [004B0FB3]
(000AABA5) [004ABBA5]
(000AF3CF) [004B03CF]
(00006807) [00407807]
(000063DC) [004073DC]
(0000629C) [0040729C]
(000AF3CF) [004B03CF]
(000065BF) [004075BF]
(00085627) [00486627]
(000AEA24) [004AFA24]
(000AEA39) [004AFA39]
(000AEA24) [004AFA24]
(0005E534) [0045F534]
(000AF4CC) [004B04CC]
(000AB550) [004AC550]
(000AABA5) [004ABBA5]
(000AEFFE) [004AFFFE]
(00006807) [00407807]
(000065BF) [004075BF]
(00085627) [00486627]
(000AEC17) [004AFC17]
(000AF3CF) [004B03CF]
(000CDA08) [004CEA08]
(000AEA24) [004AFA24]
(0005E534) [0045F534]
(00181FAB) [00582FAB]
(00181FEE) [00582FEE]
(0018232D) [0058332D]
(00863C1C) [00C64C1C]

16:34:18.958 [error]??¸kîDê‰ Access violation at address 00406D9C in module 'cfprint.exe'. Read of address FFFFFFD0
16:34:18.958 [error]?¡°ê‰ (00005D9C) [00406D9C]
(000AF4CC) [004B04CC]
(00005C9A) [00406C9A]
(002E6686) [006E7686]
(002E66E6) [006E76E6]
(002E6756) [006E7756]
(002E6912) [006E7912]
(000AABA5) [004ABBA5]
(000AF3CF) [004B03CF]
(00006807) [00407807]
(00179239) [0057A239]
(000065BF) [004075BF]
(00085627) [00486627]
(000AEA24) [004AFA24]
(0005E534) [0045F534]
(00006586) [00407586]
(00181ECC) [00582ECC]
(00181FEE) [00582FEE]
(0017D941) [0057E941]
(0043AC22) [0083BC22]
(00736D16) [00B37D16]
(007ED92B) [00BEE92B]
(007EE724) [00BEF724]
(007ED01D) [00BEE01D]
(0080475E) [00C0575E]
(000AB0FB) [004AC0FB]
(000CDD3E) [004CED3E]
(000CE86C) [004CF86C]
(000AABA5) [004ABBA5]
(000AF3CF) [004B03CF]
(000CDA08) [004CEA08]
(000AA7E0) [004AB7E0]
(000AF51F) [004B051F]
(000AFFB3) [004B0FB3]
(000AABA5) [004ABBA5]
(000AF3CF) [004B03CF]
(00006807) [00407807]
(000063DC) [004073DC]
(0000629C) [0040729C]
(000AF3CF) [004B03CF]
(000065BF) [004075BF]
(00085627) [00486627]
(000AEA24) [004AFA24]
(000AEA39) [004AFA39]
(000AEA24) [004AFA24]
(0005E534) [0045F534]
(000AF4CC) [004B04CC]
(000AB550) [004AC550]
(000AABA5) [004ABBA5]
(000AEFFE) [004AFFFE]
(00006807) [00407807]
(000065BF) [004075BF]
(00085627) [00486627]
(000AEC17) [004AFC17]
(000AF3CF) [004B03CF]
(000CDA08) [004CEA08]
(000AEA24) [004AFA24]
(0005E534) [0045F534]
(00181FAB) [00582FAB]
(00181FEE) [00582FEE]
(0018232D) [0058332D]
(00863C1C) [00C64C1C]

16:37:16.952 [error]??¸kîDê‰ Access violation at address 00406D9C in module 'cfprint.exe'. Read of address FFFFFFD0
16:37:16.952 [error]?¡°ê‰ (00005D9C) [00406D9C]
(0032F072) [00730072]
(000AF4CC) [004B04CC]
(00005C9A) [00406C9A]
(002E6686) [006E7686]
(002E66E6) [006E76E6]
(002E674E) [006E774E]
(002E691C) [006E791C]
(000AABA5) [004ABBA5]
(000AF3CF) [004B03CF]
(00006807) [00407807]
(00179239) [0057A239]
(000AEA24) [004AFA24]
(0005E534) [0045F534]
(0000393C) [0040493C]
(00134D0B) [00535D0B]
(00134CF8) [00535CF8]
(00134D94) [00535D94]
(00006586) [00407586]
(00181ECC) [00582ECC]
(00181FEE) [00582FEE]
(0018232D) [0058332D]
(00863C1C) [00C64C1C]

16:38:27.016 [error]??¸kîDê‰ Access violation at address 00406D9C in module 'cfprint.exe'. Read of address FFFFFFD0
16:38:27.016 [error]?¡°ê‰ (00005D9C) [00406D9C]
(000AF4CC) [004B04CC]
(00005C9A) [00406C9A]
(002E6686) [006E7686]
(002E66E6) [006E76E6]
(002E6756) [006E7756]
(002E6912) [006E7912]
(000AABA5) [004ABBA5]
(000AF3CF) [004B03CF]
(00006807) [00407807]
(00179239) [0057A239]
(000AEA24) [004AFA24]
(0005E534) [0045F534]
(00006586) [00407586]
(00181ECC) [00582ECC]
(00181FEE) [00582FEE]
(0018232D) [0058332D]
(00863C1C) [00C64C1C]

16:38:45.206 [error]??¸kîDê‰ Access violation at address 00406D9C in module 'cfprint.exe'. Read of address FFFFFFD0
16:38:45.207 [error]?¡°ê‰ (00005D9C) [00406D9C]
(000AF4CC) [004B04CC]
(00005C9A) [00406C9A]
(002E6686) [006E7686]
(002E66E6) [006E76E6]
(002E674E) [006E774E]
(002E691C) [006E791C]
(000AABA5) [004ABBA5]
(000AF3CF) [004B03CF]
(00006807) [00407807]
(00179239) [0057A239]
(000AEA24) [004AFA24]
(0005E534) [0045F534]
(0017D39C) [0057E39C]
(00005DEB) [00406DEB]
(000AABA5) [004ABBA5]
(000AF4CC) [004B04CC]
(000B1313) [004B2313]
(000AABA5) [004ABBA5]
(000AF3CF) [004B03CF]
(00179239) [0057A239]
(000AA7E0) [004AB7E0]
(000AE7CD) [004AF7CD]
(00005C9A) [00406C9A]
(000AE8DC) [004AF8DC]
(000B15BA) [004B25BA]
(000AABA5) [004ABBA5]
(0000B97D) [0040C97D]
(0000BFA3) [0040CFA3]
(0000B97D) [0040C97D]
(0000BC60) [0040CC60]
(00006001) [00407001]
(000AF3CF) [004B03CF]
(0004EBA9) [0044FBA9]
(0004ED3A) [0044FD3A]
(0004EBA9) [0044FBA9]
(0004ED3A) [0044FD3A]
(00179239) [0057A239]
(000063DC) [004073DC]
(0000629C) [0040729C]
(000AA7E0) [004AB7E0]
(000A92B2) [004AA2B2]
(00178AB6) [00579AB6]
(0017D6AA) [0057E6AA]
(00177E34) [00578E34]
(00439DC3) [0083ADC3]
(000060C1) [004070C1]
(00177E56) [00578E56]
(0005C943) [0045D943]
(00175B85) [00576B85]
(00021A96) [00422A96]
(000074DD) [004084DD]
(00863C56) [00C64C56]

16:39:26.850 [info ]œ·˙´??˙Æ??≥∫?îIÆÚ?...
6:38:54.500 [info ]œ·˙´??˙Æ??≥∫?îIÆÚ?...
16:39:04.600 [info ]œ·˙´??˙Æ??≥∫?îI??...
16:39:06.506 [info ]œ·˙´??˙Æ??≥∫?îIÆÚ?...
16:39:31.956 [info ]œ·˙´??˙Æ??≥∫?îI??...
17:33:53.047 [error]??¸kîDê‰ 4001: [4001] (no description available)
17:33:53.047 [error]?¡°ê‰ (0073A24C) [00B3B24C]
(0073A315) [00B3B315]
(0080433B) [00C0533B]
(007399E8) [00B3A9E8]
(000065BF) [004075BF]
(00085627) [00486627]
(000AEA24) [004AFA24]
(000AEA39) [004AFA39]
(0005E534) [0045F534]
(00181FB3) [00582FB3]
(00181FEE) [00582FEE]
(0018232D) [0058332D]
(00863C1C) [00C64C1C]

18:58:55.722 [info ]œ·˙´??˙Æ??≥∫?îIÆÚ?...
